<?xml version="1.0" encoding="UTF-8"?>
<!-- Generated by org.testng.reporters.JUnitReportReporter -->
<testsuite hostname="apples-MacBook-Pro-6.local" failures="0" tests="1" name="tester.WelUp" time="5.376" errors="0" timestamp="2024-12-13T17:40:52 IST" skipped="0">
  <testcase classname="tester.WelUp" name="testWelup" time="5.376"/>
  <system-out/>
</testsuite> <!-- tester.WelUp -->
