<?xml version="1.0" encoding="UTF-8"?>
<!-- Generated by org.testng.reporters.JUnitReportReporter -->
<testsuite hostname="ip-10-20-27-214.ap-south-1.compute.internal" failures="0" tests="1" name="tester.WelUp" time="5.028" errors="0" timestamp="2024-11-27T16:09:42 IST" skipped="0">
  <testcase classname="tester.WelUp" name="AddEmployee" time="5.028"/>
  <system-out/>
</testsuite> <!-- tester.WelUp -->
