<?xml version="1.0" encoding="UTF-8"?>
<!-- Generated by org.testng.reporters.JUnitReportReporter -->
<testsuite hostname="apples-MacBook-Pro-6.local" failures="0" tests="1" name="tester.SignUp" time="1.381" errors="0" timestamp="2024-10-24T17:06:42 IST" skipped="0">
  <testcase classname="tester.SignUp" name="verifySignupOtpTest" time="1.381"/>
  <system-out/>
</testsuite> <!-- tester.SignUp -->
